STAR version=2.7.11b
STAR compilation time,server,dir=2024-07-03T14:39:20+0000 :/opt/conda/conda-bld/star_1720017372352/work/source
##### Command Line:
/home/Ashutosh.Yadav/anaconda3/envs/starAligner/bin/STAR-avx2 --runThreadN 16 --runMode genomeGenerate --genomeDir index --genomeFastaFiles ggal_1_48850000_49020000.Ggal71.500bpflank.fa --sjdbGTFfile ggal_1.gtf --sjdbOverhang 100 --genomeSAindexNbases 12
##### Initial USER parameters from Command Line:
###### All USER parameters from Command Line:
runThreadN                    16     ~RE-DEFINED
runMode                       genomeGenerate        ~RE-DEFINED
genomeDir                     index     ~RE-DEFINED
genomeFastaFiles              ggal_1_48850000_49020000.Ggal71.500bpflank.fa        ~RE-DEFINED
sjdbGTFfile                   ggal_1.gtf     ~RE-DEFINED
sjdbOverhang                  100     ~RE-DEFINED
genomeSAindexNbases           12     ~RE-DEFINED
##### Finished reading parameters from all sources

##### Final user re-defined parameters-----------------:
runMode                           genomeGenerate   
runThreadN                        16
genomeDir                         index
genomeFastaFiles                  ggal_1_48850000_49020000.Ggal71.500bpflank.fa   
genomeSAindexNbases               12
sjdbGTFfile                       ggal_1.gtf
sjdbOverhang                      100

-------------------------------
##### Final effective command line:
/home/Ashutosh.Yadav/anaconda3/envs/starAligner/bin/STAR-avx2   --runMode genomeGenerate      --runThreadN 16   --genomeDir index   --genomeFastaFiles ggal_1_48850000_49020000.Ggal71.500bpflank.fa      --genomeSAindexNbases 12   --sjdbGTFfile ggal_1.gtf   --sjdbOverhang 100
----------------------------------------

Number of fastq files for each mate = 1
ParametersSolo: --soloCellFilterType CellRanger2.2 filtering parameters:  3000 0.99 10
Finished loading and checking parameters
--genomeDir directory created: index/
Oct 07 10:28:44 ... starting to generate Genome files
ggal_1_48850000_49020000.Ggal71.500bpflank.fa : chr # 0  "1" chrStart: 0
Chromosome sequence lengths: 
1	171001
Genome sequence total length = 171001
Genome size with padding = 262144
Oct 07 10:28:44 ..... processing annotations GTF
Processing pGe.sjdbGTFfile=ggal_1.gtf, found:
		5 transcripts
		52 exons (non-collapsed)
		47 collapsed junctions
Total junctions: 47
Oct 07 10:28:44 ..... finished GTF processing

!!!!! WARNING: --genomeSAindexNbases 12 is too large for the genome size=171001, which may cause seg-fault at the mapping step. Re-run genome generation with recommended --genomeSAindexNbases 7
Estimated genome size with padding and SJs: total=genome+SJ=201262144 = 262144 + 201000000
GstrandBit=32
Number of SA indices: 342002
Oct 07 10:28:44 ... starting to sort Suffix Array. This may take a long time...
Number of chunks: 16;   chunks size limit: 182400 bytes
Oct 07 10:28:44 ... sorting Suffix Array chunks and saving them to disk...
Writing 79944 bytes into index//SA_15 ; empty space on disk = 374193299456 bytes ... done
Writing 178392 bytes into index//SA_2 ; empty space on disk = 374193217536 bytes ... done
Writing 177056 bytes into index//SA_3 ; empty space on disk = 374193037312 bytes ... done
 done
g 177056 bytes into index//SA_3 ; empty space on disk = 374193037312 bytes ...Writing 178272 bytes into index//SA_4 ; empty space on disk = 374193037312 bytes ... done
 done
g 177056 bytes into index//SA_3 ; empty space on disk = 374193037312 bytes ...Writing 178272 bytes into index//SA_4 ; empty space on disk = 374193037312 bytes ...Writing 179320 bytes into index//SA_12 ; empty space on disk = 374193037312 bytes ... done
Writing 177840 bytes into index//SA_8 ; empty space on disk = 374192496640 bytes ...Writing 171928 bytes into index//SA_14 ; empty space on disk = 374192492544 bytes ...Writing 180296 bytes into index//SA_0 ; empty space on disk = 374192279552 bytes ... done
 done
 done
 done
Writing 181968 bytes into index//SA_1 ; empty space on disk = 374191960064 bytes ... done
Writing 181824 bytes into index//SA_13 ; empty space on disk = 374191775744 bytes ... done
Writing 166376 bytes into index//SA_6 ; empty space on disk = 374191587328 bytes ... done
Writing 178768 bytes into index//SA_9 ; empty space on disk = 374191419392 bytes ... done
Writing 170568 bytes into index//SA_7 ; empty space on disk = 374191239168 bytes ... done
Writing 182248 bytes into index//SA_5 ; empty space on disk = 374191067136 bytes ... done
Writing 178808 bytes into index//SA_10 ; empty space on disk = 374190882816 bytes ... done
Writing 172408 bytes into index//SA_11 ; empty space on disk = 374190702592 bytes ... done
Oct 07 10:28:44 ... loading chunks from disk, packing SA...
Oct 07 10:28:44 ... finished generating suffix array
Oct 07 10:28:44 ... generating Suffix Array index
Oct 07 10:28:44 ... completed Suffix Array index
Oct 07 10:28:44   Finished preparing junctions
Oct 07 10:28:44 ..... inserting junctions into the genome indices
Oct 07 10:28:44   Finished SA search: number of new junctions=47, old junctions=0
Oct 07 10:28:44   Finished sorting SA indicesL nInd=18800
Genome size with junctions=271591  262144   9447
GstrandBit1=32   GstrandBit=32
Oct 07 10:28:44   Finished inserting junction indices
Oct 07 10:28:44   Finished SAi
Oct 07 10:28:44 ..... finished inserting junctions into genome
Oct 07 10:28:44 ... writing Genome to disk ...
Writing 271591 bytes into index//Genome ; empty space on disk = 374191828992 bytes ... done
SA size in bytes: 1488312
Oct 07 10:28:44 ... writing Suffix Array to disk ...
Writing 1488312 bytes into index//SA ; empty space on disk = 374191554560 bytes ... done
Oct 07 10:28:44 ... writing SAindex to disk
Writing 8 bytes into index//SAindex ; empty space on disk = 374190063616 bytes ... done
Writing 104 bytes into index//SAindex ; empty space on disk = 374190063616 bytes ... done
Writing 97867091 bytes into index//SAindex ; empty space on disk = 374190063616 bytes ... done
Oct 07 10:28:44 ..... finished successfully
DONE: Genome generation, EXITING
